2022-05-19 09:05:27 INFO  HomePage :56 - clicking on sign in button : [[ChromeDriver: chrome on WINDOWS (e9bcb81f17b93f63245d4b1649835cc4)] -> xpath: //a[normalize-space()='Sign in']]
2022-05-19 09:05:406 INFO  AuthenticationPage :30 - entering random email : <br>
2022-05-19 09:05:549 INFO  AuthenticationPage :36 - Click on the create an account tab : [[ChromeDriver: chrome on WINDOWS (e9bcb81f17b93f63245d4b1649835cc4)] -> xpath: //span[normalize-space()='Create an account']]<br>
2022-05-19 09:05:444 INFO  CreateAccountPage :59 - Entering firstname[[ChromeDriver: chrome on WINDOWS (e9bcb81f17b93f63245d4b1649835cc4)] -> xpath: //input[@id='customer_firstname']]
2022-05-19 09:05:548 INFO  CreateAccountPage :61 - Entering lastname[[ChromeDriver: chrome on WINDOWS (e9bcb81f17b93f63245d4b1649835cc4)] -> xpath: //input[@id='customer_lastname']]
2022-05-19 09:05:608 INFO  CreateAccountPage :63 - Entering password[[ChromeDriver: chrome on WINDOWS (e9bcb81f17b93f63245d4b1649835cc4)] -> xpath: //input[@id='passwd']]
2022-05-19 09:05:659 INFO  CreateAccountPage :65 - Entering address[[ChromeDriver: chrome on WINDOWS (e9bcb81f17b93f63245d4b1649835cc4)] -> xpath: //input[@id='address1']]
2022-05-19 09:05:726 INFO  CreateAccountPage :67 - Entering city[[ChromeDriver: chrome on WINDOWS (e9bcb81f17b93f63245d4b1649835cc4)] -> xpath: //input[@id='city']]
2022-05-19 09:05:781 INFO  CreateAccountPage :69 - Selecting the state[[ChromeDriver: chrome on WINDOWS (e9bcb81f17b93f63245d4b1649835cc4)] -> xpath: //select[@id='id_state']]
2022-05-19 09:05:140 INFO  CreateAccountPage :71 - Entering postalcode[[ChromeDriver: chrome on WINDOWS (e9bcb81f17b93f63245d4b1649835cc4)] -> xpath: //input[@id='postcode']]
2022-05-19 09:05:203 INFO  CreateAccountPage :73 - Entering contact number[[ChromeDriver: chrome on WINDOWS (e9bcb81f17b93f63245d4b1649835cc4)] -> xpath: //input[@id='phone_mobile']]
2022-05-19 09:05:278 INFO  CreateAccountPage :78 - Clicking on register link[[ChromeDriver: chrome on WINDOWS (e9bcb81f17b93f63245d4b1649835cc4)] -> xpath: //button[@id='submitAccount']]
2022-05-19 09:05:791 INFO  CreateAccountPage :82 - Verifying the message[[ChromeDriver: chrome on WINDOWS (e9bcb81f17b93f63245d4b1649835cc4)] -> xpath: //h1[contains(text(),'My account')]]
2022-05-19 09:05:829 INFO  MyAccountPage :23 - verify the account name : [[ChromeDriver: chrome on WINDOWS (e9bcb81f17b93f63245d4b1649835cc4)] -> css selector: a[title='View my customer account'] span]
2022-05-19 09:05:622 INFO  HomePage :56 - clicking on sign in button : [[ChromeDriver: chrome on WINDOWS (f83a8e2fee1e2453286199d09009fb83)] -> xpath: //a[normalize-space()='Sign in']]
2022-05-19 09:05:338 INFO  AuthenticationPage :30 - entering random email : <br>
2022-05-19 09:05:440 INFO  AuthenticationPage :36 - Click on the create an account tab : [[ChromeDriver: chrome on WINDOWS (f83a8e2fee1e2453286199d09009fb83)] -> xpath: //span[normalize-space()='Create an account']]<br>
2022-05-19 09:05:967 INFO  CreateAccountPage :59 - Entering firstname[[ChromeDriver: chrome on WINDOWS (f83a8e2fee1e2453286199d09009fb83)] -> xpath: //input[@id='customer_firstname']]
2022-05-19 09:05:35 INFO  CreateAccountPage :61 - Entering lastname[[ChromeDriver: chrome on WINDOWS (f83a8e2fee1e2453286199d09009fb83)] -> xpath: //input[@id='customer_lastname']]
2022-05-19 09:05:96 INFO  CreateAccountPage :63 - Entering password[[ChromeDriver: chrome on WINDOWS (f83a8e2fee1e2453286199d09009fb83)] -> xpath: //input[@id='passwd']]
2022-05-19 09:05:159 INFO  CreateAccountPage :65 - Entering address[[ChromeDriver: chrome on WINDOWS (f83a8e2fee1e2453286199d09009fb83)] -> xpath: //input[@id='address1']]
2022-05-19 09:05:230 INFO  CreateAccountPage :67 - Entering city[[ChromeDriver: chrome on WINDOWS (f83a8e2fee1e2453286199d09009fb83)] -> xpath: //input[@id='city']]
2022-05-19 09:05:285 INFO  CreateAccountPage :69 - Selecting the state[[ChromeDriver: chrome on WINDOWS (f83a8e2fee1e2453286199d09009fb83)] -> xpath: //select[@id='id_state']]
2022-05-19 09:05:662 INFO  CreateAccountPage :71 - Entering postalcode[[ChromeDriver: chrome on WINDOWS (f83a8e2fee1e2453286199d09009fb83)] -> xpath: //input[@id='postcode']]
2022-05-19 09:05:729 INFO  CreateAccountPage :73 - Entering contact number[[ChromeDriver: chrome on WINDOWS (f83a8e2fee1e2453286199d09009fb83)] -> xpath: //input[@id='phone_mobile']]
2022-05-19 09:05:806 INFO  CreateAccountPage :78 - Clicking on register link[[ChromeDriver: chrome on WINDOWS (f83a8e2fee1e2453286199d09009fb83)] -> xpath: //button[@id='submitAccount']]
2022-05-19 09:05:347 INFO  CreateAccountPage :87 - verifying error message : [[ChromeDriver: chrome on WINDOWS (f83a8e2fee1e2453286199d09009fb83)] -> css selector: div[class='alert alert-danger'] p]
2022-05-19 09:05:820 INFO  ShoppingCartPage :34 - closing shopping cart window : [[ChromeDriver: chrome on WINDOWS (08390917a8d5f614bef53c8180eb7cb1)] -> xpath: //span[@title='Close window']]<br>
2022-05-19 09:05:386 INFO  ShoppingCartPage :39 - verifying delete icon : [[ChromeDriver: chrome on WINDOWS (08390917a8d5f614bef53c8180eb7cb1)] -> xpath: //a[@class='ajax_cart_block_remove_link']]<br>
2022-05-19 09:05:639 INFO  ShoppingCartPage :47 - removing item from cart : [[ChromeDriver: chrome on WINDOWS (08390917a8d5f614bef53c8180eb7cb1)] -> xpath: //a[@class='ajax_cart_block_remove_link']]<br>
2022-05-19 09:05:796 INFO  ShoppingCartSummaryPage :30 - verifying empty cart message : Proxy element for: DefaultElementLocator 'By.xpath: //p[@class='alert alert-warning']'<br>
2022-05-19 09:05:571 INFO  HomePage :56 - clicking on sign in button : [[ChromeDriver: chrome on WINDOWS (1b4272dbde22a85153d1afee72a035b1)] -> xpath: //a[normalize-space()='Sign in']]
2022-05-19 09:05:451 INFO  AuthenticationPage :30 - entering random email : <br>
2022-05-19 09:05:557 INFO  AuthenticationPage :36 - Click on the create an account tab : [[ChromeDriver: chrome on WINDOWS (1b4272dbde22a85153d1afee72a035b1)] -> xpath: //span[normalize-space()='Create an account']]<br>
2022-05-19 09:05:929 INFO  CreateAccountPage :59 - Entering firstname[[ChromeDriver: chrome on WINDOWS (1b4272dbde22a85153d1afee72a035b1)] -> xpath: //input[@id='customer_firstname']]
2022-05-19 09:05:997 INFO  CreateAccountPage :61 - Entering lastname[[ChromeDriver: chrome on WINDOWS (1b4272dbde22a85153d1afee72a035b1)] -> xpath: //input[@id='customer_lastname']]
2022-05-19 09:05:54 INFO  CreateAccountPage :63 - Entering password[[ChromeDriver: chrome on WINDOWS (1b4272dbde22a85153d1afee72a035b1)] -> xpath: //input[@id='passwd']]
2022-05-19 09:05:111 INFO  CreateAccountPage :65 - Entering address[[ChromeDriver: chrome on WINDOWS (1b4272dbde22a85153d1afee72a035b1)] -> xpath: //input[@id='address1']]
2022-05-19 09:05:182 INFO  CreateAccountPage :67 - Entering city[[ChromeDriver: chrome on WINDOWS (1b4272dbde22a85153d1afee72a035b1)] -> xpath: //input[@id='city']]
2022-05-19 09:05:242 INFO  CreateAccountPage :69 - Selecting the state[[ChromeDriver: chrome on WINDOWS (1b4272dbde22a85153d1afee72a035b1)] -> xpath: //select[@id='id_state']]
2022-05-19 09:05:634 INFO  CreateAccountPage :71 - Entering postalcode[[ChromeDriver: chrome on WINDOWS (1b4272dbde22a85153d1afee72a035b1)] -> xpath: //input[@id='postcode']]
2022-05-19 09:05:701 INFO  CreateAccountPage :73 - Entering contact number[[ChromeDriver: chrome on WINDOWS (1b4272dbde22a85153d1afee72a035b1)] -> xpath: //input[@id='phone_mobile']]
2022-05-19 09:05:771 INFO  CreateAccountPage :78 - Clicking on register link[[ChromeDriver: chrome on WINDOWS (1b4272dbde22a85153d1afee72a035b1)] -> xpath: //button[@id='submitAccount']]
2022-05-19 09:05:648 INFO  CreateAccountPage :82 - Verifying the message[[ChromeDriver: chrome on WINDOWS (1b4272dbde22a85153d1afee72a035b1)] -> xpath: //h1[contains(text(),'My account')]]
2022-05-19 09:05:681 INFO  MyAccountPage :23 - verify the account name : [[ChromeDriver: chrome on WINDOWS (1b4272dbde22a85153d1afee72a035b1)] -> css selector: a[title='View my customer account'] span]
2022-05-19 09:05:240 INFO  HomePage :56 - clicking on sign in button : [[ChromeDriver: chrome on WINDOWS (fcb37eeaa58ba97da7de707c7dcbddbe)] -> xpath: //a[normalize-space()='Sign in']]
2022-05-19 09:05:326 INFO  AuthenticationPage :30 - entering random email : <br>
2022-05-19 09:05:417 INFO  AuthenticationPage :36 - Click on the create an account tab : [[ChromeDriver: chrome on WINDOWS (fcb37eeaa58ba97da7de707c7dcbddbe)] -> xpath: //span[normalize-space()='Create an account']]<br>
2022-05-19 09:05:156 INFO  CreateAccountPage :59 - Entering firstname[[ChromeDriver: chrome on WINDOWS (fcb37eeaa58ba97da7de707c7dcbddbe)] -> xpath: //input[@id='customer_firstname']]
2022-05-19 09:05:222 INFO  CreateAccountPage :61 - Entering lastname[[ChromeDriver: chrome on WINDOWS (fcb37eeaa58ba97da7de707c7dcbddbe)] -> xpath: //input[@id='customer_lastname']]
2022-05-19 09:05:283 INFO  CreateAccountPage :63 - Entering password[[ChromeDriver: chrome on WINDOWS (fcb37eeaa58ba97da7de707c7dcbddbe)] -> xpath: //input[@id='passwd']]
2022-05-19 09:05:340 INFO  CreateAccountPage :65 - Entering address[[ChromeDriver: chrome on WINDOWS (fcb37eeaa58ba97da7de707c7dcbddbe)] -> xpath: //input[@id='address1']]
2022-05-19 09:05:415 INFO  CreateAccountPage :67 - Entering city[[ChromeDriver: chrome on WINDOWS (fcb37eeaa58ba97da7de707c7dcbddbe)] -> xpath: //input[@id='city']]
2022-05-19 09:05:476 INFO  CreateAccountPage :69 - Selecting the state[[ChromeDriver: chrome on WINDOWS (fcb37eeaa58ba97da7de707c7dcbddbe)] -> xpath: //select[@id='id_state']]
2022-05-19 09:05:826 INFO  CreateAccountPage :71 - Entering postalcode[[ChromeDriver: chrome on WINDOWS (fcb37eeaa58ba97da7de707c7dcbddbe)] -> xpath: //input[@id='postcode']]
2022-05-19 09:05:890 INFO  CreateAccountPage :73 - Entering contact number[[ChromeDriver: chrome on WINDOWS (fcb37eeaa58ba97da7de707c7dcbddbe)] -> xpath: //input[@id='phone_mobile']]
2022-05-19 09:05:954 INFO  CreateAccountPage :78 - Clicking on register link[[ChromeDriver: chrome on WINDOWS (fcb37eeaa58ba97da7de707c7dcbddbe)] -> xpath: //button[@id='submitAccount']]
2022-05-19 09:05:922 INFO  CreateAccountPage :87 - verifying error message : [[ChromeDriver: chrome on WINDOWS (fcb37eeaa58ba97da7de707c7dcbddbe)] -> css selector: div[class='alert alert-danger'] p]
2022-05-19 09:05:884 INFO  ShoppingCartPage :34 - closing shopping cart window : [[ChromeDriver: chrome on WINDOWS (840f3f6c3a8b549b80d6aed0cb7deffc)] -> xpath: //span[@title='Close window']]<br>
2022-05-19 09:05:671 INFO  ShoppingCartPage :39 - verifying delete icon : [[ChromeDriver: chrome on WINDOWS (840f3f6c3a8b549b80d6aed0cb7deffc)] -> xpath: //a[@class='ajax_cart_block_remove_link']]<br>
2022-05-19 09:05:907 INFO  ShoppingCartPage :47 - removing item from cart : [[ChromeDriver: chrome on WINDOWS (840f3f6c3a8b549b80d6aed0cb7deffc)] -> xpath: //a[@class='ajax_cart_block_remove_link']]<br>
2022-05-19 09:05:996 INFO  ShoppingCartSummaryPage :30 - verifying empty cart message : Proxy element for: DefaultElementLocator 'By.xpath: //p[@class='alert alert-warning']'<br>
2022-05-19 09:05:452 INFO  OurStoresPage :32 - accepting the alert : [[ChromeDriver: chrome on WINDOWS (2cf8445e7979aac1f42cb8f19ab03690)] -> css selector: .dismissButton]
2022-05-19 09:05:57 INFO  OurStoresPage :54 - taking screenshot
2022-05-19 09:05:691 INFO  SummerDressesPage :48 - verifying summer page text : [[ChromeDriver: chrome on WINDOWS (c806a4fea4b403bcae2e30a17bf28830)] -> xpath: (//span[@class='cat-name'])[1]]
2022-05-19 09:05:884 INFO  SummerDressesPage :48 - verifying summer page text : [[ChromeDriver: chrome on WINDOWS (ea12f8ae9cb207fd420db468cb57ae49)] -> xpath: (//span[@class='cat-name'])[1]]
2022-05-19 09:05:912 INFO  SummerDressesPage :53 - moving slider to change price : [[ChromeDriver: chrome on WINDOWS (ea12f8ae9cb207fd420db468cb57ae49)] -> xpath: //div[@id='left_column']//a[2]]
